yarn add v1.22.19
warning package-lock.json found. Your project contains lock files generated by tools other than Yarn. It is advised not to mix package managers in order to avoid resolution inconsistencies caused by unsynchronized lock files. To clear this warning, remove package-lock.json.
[1/5] Validating package.json...
[2/5] Resolving packages...
[3/5] Fetching packages...
[4/5] Linking dependencies...
warning "detox > @wix-pilot/detox@1.0.11" has unmet peer dependency "expect@29.x.x || 28.x.x || ^27.2.5".
warning " > babel-loader@8.4.1" has unmet peer dependency "webpack@>=2".
warning "storybook > @testing-library/user-event@14.6.1" has unmet peer dependency "@testing-library/dom@>=7.21.4".
warning Workspaces can only be enabled in private projects.
warning Workspaces can only be enabled in private projects.
error Could not write file "C:\\Users\\Hasib\\Documents\\scntx_dev\\rn-nativewind\\yarn-error.log": "ENOSPC: no space left on device, write"
error An unexpected error occurred: "ENOSPC: no space left on device, copyfile 'C:\\Users\\Hasib\\AppData\\Local\\Yarn\\Cache\\v6\\npm-@storybook-react-native-ui-9.0.6-390c26a145bdf1c9e840e0b69c528e3dc3d8d4c5-integrity\\node_modules\\@storybook\\react-native-ui\\src\\mockdata.large.ts' -> 'C:\\Users\\Hasib\\Documents\\scntx_dev\\rn-nativewind\\node_modules\\@storybook\\react-native-ui\\src\\mockdata.large.ts'".
info Visit https://yarnpkg.com/en/docs/cli/add for documentation about this command.
C:\Program Files (x86)\Yarn\lib\v8-compile-cache.js:90
      throw error;
      ^

Error: ENOSPC: no space left on device, write
    at Object.writeSync (node:fs:931:3)
    at Object.writeFileSync (node:fs:2387:26)
    at FileSystemBlobStore.save (C:\Program Files (x86)\Yarn\lib\v8-compile-cache.js:87:10)
    at process.<anonymous> (C:\Program Files (x86)\Yarn\lib\v8-compile-cache.js:337:17)
    at Object.onceWrapper (node:events:634:26)
    at process.emit (node:events:531:35)
    at process.processEmit [as emit] (C:\Program Files (x86)\Yarn\lib\cli.js:76464:35) {
  errno: -4055,
  syscall: 'write',
  code: 'ENOSPC'
}

Node.js v20.15.1
