#
# There is insufficient memory for the Java Runtime Environment to continue.
# Native memory allocation (mmap) failed to map 134217728 bytes for G1 virtual space
# Possible reasons:
#   The system is out of physical RAM or swap space
#   The process is running with CompressedOops enabled, and the Java Heap may be blocking the growth of the native heap
# Possible solutions:
#   Reduce memory load on the system
#   Increase physical memory or swap space
#   Check if swap backing store is full
#   Decrease Java heap size (-Xmx/-Xms)
#   Decrease number of Java threads
#   Decrease Java thread stack sizes (-Xss)
#   Set larger code cache with -XX:ReservedCodeCacheSize=
#   JVM is running with Unscaled Compressed Oops mode in which the Java heap is
#     placed in the first 4GB address space. The Java Heap base address is the
#     maximum limit for the native heap growth. Please use -XX:HeapBaseMinAddress
#     to set the Java Heap base and to place the Java Heap above 4GB virtual address.
# This output file may be truncated or incomplete.
#
#  Out of Memory Error (os_windows.cpp:3530), pid=21300, tid=15232
#
# JRE version:  (18.0.1.1+2) (build )
# Java VM: Java HotSpot(TM) 64-Bit Server VM (18.0.1.1+2-6, mixed mode, sharing, tiered, compressed oops, compressed class ptrs, g1 gc, windows-amd64)
# No core dump will be written. Minidumps are not enabled by default on client versions of Windows
#

---------------  S U M M A R Y ------------

Command Line: com.google.prefab.cli.AppKt --build-system cmake --platform android --abi arm64-v8a --os-version 24 --stl c++_shared --ndk-version 27 --output C:\\Users\\Hasib\\AppData\\Local\\Temp\\agp-prefab-staging16613599356866900632\\staged-cli-output C:\\Users\\Hasib\\.gradle\\caches\\8.13\\transforms\\16ecd3d905ee83882a5c0ce77c8c6dc3\\transformed\\react-android-0.79.3-debug\\prefab C:\\Users\\Hasib\\Documents\\scntx.dev\\react-native\\NativeWind\\android\\app\\build\\intermediates\\cxx\\refs\\react-native-reanimated\\71463g1y C:\\Users\\Hasib\\.gradle\\caches\\8.13\\transforms\\fe598eff553706dec655b21cae0de175\\transformed\\hermes-android-0.79.3-debug\\prefab C:\\Users\\Hasib\\.gradle\\caches\\8.13\\transforms\\72cde7dc85b5006383f56c98fcfedfa5\\transformed\\fbjni-0.7.0\\prefab

Host: AMD Ryzen 5 2600 Six-Core Processor            , 12 cores, 7G,  Windows 11 , 64 bit Build 26100 (10.0.26100.4202)
Time: Mon Jun  9 06:01:08 2025 SE Asia Standard Time elapsed time: 0.028205 seconds (0d 0h 0m 0s)

---------------  T H R E A D  ---------------

Current thread (0x000001e902c1e1c0):  JavaThread "Unknown thread" [_thread_in_vm, id=15232, stack(0x000000a9acb00000,0x000000a9acc00000)]

Stack: [0x000000a9acb00000,0x000000a9acc00000]
Native frames: (J=compiled Java code, j=interpreted, Vv=VM code, C=native code)
V  [jvm.dll+0x69887a]
V  [jvm.dll+0x7f38bd]
V  [jvm.dll+0x7f51ce]
V  [jvm.dll+0x7f5883]
V  [jvm.dll+0x25ca3f]
V  [jvm.dll+0x6957c9]
V  [jvm.dll+0x68a2fa]
V  [jvm.dll+0x321efb]
V  [jvm.dll+0x3298d6]
V  [jvm.dll+0x37e47e]
V  [jvm.dll+0x37e6af]
V  [jvm.dll+0x2f9c7a]
V  [jvm.dll+0x2facdd]
V  [jvm.dll+0x7c24f0]
V  [jvm.dll+0x38b801]
V  [jvm.dll+0x7a1203]
V  [jvm.dll+0x40d6bf]
V  [jvm.dll+0x40f091]
C  [jli.dll+0x526b]
C  [ucrtbase.dll+0x37b0]
C  [KERNEL32.DLL+0x2e8d7]
C  [ntdll.dll+0x3c34c]


---------------  P R O C E S S  ---------------

Threads class SMR info:
_java_thread_list=0x00007ffe9593d550, length=0, elements={
}

Java Threads: ( => current thread )

Other Threads:
  0x000001e902c7fed0 WorkerThread "GC Thread#0" [stack: 0x000000a9acc00000,0x000000a9acd00000] [id=7900]
  0x000001e902c914e0 ConcurrentGCThread "G1 Main Marker" [stack: 0x000000a9acd00000,0x000000a9ace00000] [id=21868]
  0x000001e902c91c80 WorkerThread "G1 Conc#0" [stack: 0x000000a9ace00000,0x000000a9acf00000] [id=20408]

[error occurred during error reporting (printing all threads), id 0xc0000005, EXCEPTION_ACCESS_VIOLATION (0xc0000005) at pc=0x00007ffe9516a217]

VM state: not at safepoint (not fully initialized)

VM Mutex/Monitor currently owned by a thread:  ([mutex/lock_event])
[0x000001e902c1af00] Heap_lock - owner thread: 0x000001e902c1e1c0

Heap address: 0x0000000081200000, size: 2030 MB, Compressed Oops mode: 32-bit

CDS archive(s) mapped at: [0x0000000000000000-0x0000000000000000-0x0000000000000000), size 0, SharedBaseAddress: 0x0000000800000000, ArchiveRelocationMode: 0.
Narrow klass base: 0x0000000000000000, Narrow klass shift: 0, Narrow klass range: 0x0

GC Precious Log:
 CardTable entry size: 512
 Card Set container configuration: InlinePtr #cards 5 size 8 Array Of Cards #cards 12 size 40 Howl #buckets 4 coarsen threshold 1843 Howl Bitmap #cards 512 size 80 coarsen threshold 460 Card regions per heap region 1 cards per card region 2048

Heap:
 garbage-first heap   total 0K, used 0K [0x0000000081200000, 0x0000000100000000)
  region size 1024K, 0 young (0K), 0 survivors (0K)

[error occurred during error reporting (printing heap information), id 0xc0000005, EXCEPTION_ACCESS_VIOLATION (0xc0000005) at pc=0x00007ffe95550cb9]

GC Heap History (0 events):
No events

Deoptimization events (0 events):
No events

Classes loaded (0 events):
No events

Classes unloaded (0 events):
No events

Classes redefined (0 events):
No events

Internal exceptions (0 events):
No events

VM Operations (0 events):
No events

Events (1 events):
Event: 0.016 Loaded shared library C:\Program Files\Java\jdk-18.0.1.1\bin\java.dll


Dynamic libraries:
0x00007ff754860000 - 0x00007ff754870000 	C:\Program Files\Java\jdk-18.0.1.1\bin\java.exe
0x00007fff04da0000 - 0x00007fff05005000 	C:\WINDOWS\SYSTEM32\ntdll.dll
0x00007fff03ee0000 - 0x00007fff03fa9000 	C:\WINDOWS\System32\KERNEL32.DLL
0x00007fff02520000 - 0x00007fff02908000 	C:\WINDOWS\System32\KERNELBASE.dll
0x00007fff02160000 - 0x00007fff022ab000 	C:\WINDOWS\System32\ucrtbase.dll
0x00007ffeed500000 - 0x00007ffeed518000 	C:\Program Files\Java\jdk-18.0.1.1\bin\jli.dll
0x00007ffeed540000 - 0x00007ffeed55a000 	C:\Program Files\Java\jdk-18.0.1.1\bin\VCRUNTIME140.dll
0x00007fff02f40000 - 0x00007fff02ff3000 	C:\WINDOWS\System32\ADVAPI32.dll
0x00007fff04cb0000 - 0x00007fff04d59000 	C:\WINDOWS\System32\msvcrt.dll
0x00007fff04820000 - 0x00007fff048c6000 	C:\WINDOWS\System32\sechost.dll
0x00007fff04440000 - 0x00007fff04555000 	C:\WINDOWS\System32\RPCRT4.dll
0x00007fff02bc0000 - 0x00007fff02d8a000 	C:\WINDOWS\System32\USER32.dll
0x00007fff022b0000 - 0x00007fff022d7000 	C:\WINDOWS\System32\win32u.dll
0x00007ffeea710000 - 0x00007ffeea9aa000 	C:\WINDOWS\WinSxS\amd64_microsoft.windows.common-controls_6595b64144ccf1df_6.0.26100.4202_none_3e0698d4e335f517\COMCTL32.dll
0x00007fff03c00000 - 0x00007fff03c2b000 	C:\WINDOWS\System32\GDI32.dll
0x00007fff01ef0000 - 0x00007fff02027000 	C:\WINDOWS\System32\gdi32full.dll
0x00007fff02a90000 - 0x00007fff02b33000 	C:\WINDOWS\System32\msvcp_win.dll
0x00007ffefb600000 - 0x00007ffefb60b000 	C:\WINDOWS\SYSTEM32\VERSION.dll
0x00007fff04ad0000 - 0x00007fff04b00000 	C:\WINDOWS\System32\IMM32.DLL
0x00007ffef4630000 - 0x00007ffef463c000 	C:\Program Files\Java\jdk-18.0.1.1\bin\vcruntime140_1.dll
0x00007ffed31f0000 - 0x00007ffed327d000 	C:\Program Files\Java\jdk-18.0.1.1\bin\msvcp140.dll
0x00007ffe94e60000 - 0x00007ffe95a70000 	C:\Program Files\Java\jdk-18.0.1.1\bin\server\jvm.dll
0x00007fff03000000 - 0x00007fff03008000 	C:\WINDOWS\System32\PSAPI.DLL
0x00007ffeed530000 - 0x00007ffeed53a000 	C:\WINDOWS\SYSTEM32\WSOCK32.dll
0x00007fff02b40000 - 0x00007fff02bb4000 	C:\WINDOWS\System32\WS2_32.dll
0x00007ffefa3e0000 - 0x00007ffefa415000 	C:\WINDOWS\SYSTEM32\WINMM.dll
0x00007fff00ce0000 - 0x00007fff00cfb000 	C:\WINDOWS\SYSTEM32\kernel.appcore.dll
0x00007ffed3310000 - 0x00007ffed331a000 	C:\Program Files\Java\jdk-18.0.1.1\bin\jimage.dll
0x00007ffef4970000 - 0x00007ffef4bb1000 	C:\WINDOWS\SYSTEM32\DBGHELP.DLL
0x00007fff03770000 - 0x00007fff03af5000 	C:\WINDOWS\System32\combase.dll
0x00007fff04b70000 - 0x00007fff04c51000 	C:\WINDOWS\System32\OLEAUT32.dll
0x00007ffef2ea0000 - 0x00007ffef2ed9000 	C:\WINDOWS\SYSTEM32\dbgcore.DLL
0x00007fff020c0000 - 0x00007fff02159000 	C:\WINDOWS\System32\bcryptPrimitives.dll
0x00007ffe9c270000 - 0x00007ffe9c295000 	C:\Program Files\Java\jdk-18.0.1.1\bin\java.dll

dbghelp: loaded successfully - version: 4.0.5 - missing functions: none
symbol engine: initialized successfully - sym options: 0x614 - pdb path: .;C:\Program Files\Java\jdk-18.0.1.1\bin;C:\WINDOWS\SYSTEM32;C:\WINDOWS\WinSxS\amd64_microsoft.windows.common-controls_6595b64144ccf1df_6.0.26100.4202_none_3e0698d4e335f517;C:\Program Files\Java\jdk-18.0.1.1\bin\server

VM Arguments:
java_command: com.google.prefab.cli.AppKt --build-system cmake --platform android --abi arm64-v8a --os-version 24 --stl c++_shared --ndk-version 27 --output C:\\Users\\Hasib\\AppData\\Local\\Temp\\agp-prefab-staging16613599356866900632\\staged-cli-output C:\\Users\\Hasib\\.gradle\\caches\\8.13\\transforms\\16ecd3d905ee83882a5c0ce77c8c6dc3\\transformed\\react-android-0.79.3-debug\\prefab C:\\Users\\Hasib\\Documents\\scntx.dev\\react-native\\NativeWind\\android\\app\\build\\intermediates\\cxx\\refs\\react-native-reanimated\\71463g1y C:\\Users\\Hasib\\.gradle\\caches\\8.13\\transforms\\fe598eff553706dec655b21cae0de175\\transformed\\hermes-android-0.79.3-debug\\prefab C:\\Users\\Hasib\\.gradle\\caches\\8.13\\transforms\\72cde7dc85b5006383f56c98fcfedfa5\\transformed\\fbjni-0.7.0\\prefab
java_class_path (initial): C:\\Users\\Hasib\\.gradle\\caches\\modules-2\\files-2.1\\com.google.prefab\\cli\\2.1.0\\aa32fec809c44fa531f01dcfb739b5b3304d3050\\cli-2.1.0-all.jar
Launcher Type: SUN_STANDARD

[Global flags]
     intx CICompilerCount                          = 4                                         {product} {ergonomic}
     uint ConcGCThreads                            = 3                                         {product} {ergonomic}
     uint G1ConcRefinementThreads                  = 10                                        {product} {ergonomic}
   size_t G1HeapRegionSize                         = 1048576                                   {product} {ergonomic}
    uintx GCDrainStackTargetSize                   = 64                                        {product} {ergonomic}
   size_t InitialHeapSize                          = 134217728                                 {product} {ergonomic}
   size_t MarkStackSize                            = 4194304                                   {product} {ergonomic}
   size_t MaxHeapSize                              = 2128609280                                {product} {ergonomic}
   size_t MinHeapDeltaBytes                        = 1048576                                   {product} {ergonomic}
   size_t MinHeapSize                              = 8388608                                   {product} {ergonomic}
    uintx NonNMethodCodeHeapSize                   = 5839372                                {pd product} {ergonomic}
    uintx NonProfiledCodeHeapSize                  = 122909434                              {pd product} {ergonomic}
    uintx ProfiledCodeHeapSize                     = 122909434                              {pd product} {ergonomic}
    uintx ReservedCodeCacheSize                    = 251658240                              {pd product} {ergonomic}
     bool SegmentedCodeCache                       = true                                      {product} {ergonomic}
   size_t SoftMaxHeapSize                          = 2128609280                             {manageable} {ergonomic}
     bool UseCompressedClassPointers               = true                           {product lp64_product} {ergonomic}
     bool UseCompressedOops                        = true                           {product lp64_product} {ergonomic}
     bool UseG1GC                                  = true                                      {product} {ergonomic}
     bool UseLargePagesIndividualAllocation        = false                                  {pd product} {ergonomic}

Logging:
Log output configuration:
 #0: stdout all=warning uptime,level,tags foldmultilines=false
 #1: stderr all=off uptime,level,tags foldmultilines=false

Environment Variables:
JAVA_HOME=C:\Program Files\Java\jdk-18.0.1.1
CLASSPATH=C:\Users\Hasib\Documents\scntx.dev\react-native\NativeWind\android\\gradle\wrapper\gradle-wrapper.jar
PATH=C:\Users\Hasib\AppData\Local\Temp\yarn--1749423595088-0.42972959176402825;C:\Users\Hasib\Documents\scntx.dev\react-native\NativeWind\node_modules\.bin;C:\Users\Hasib\AppData\Local\Yarn\Data\link\node_modules\.bin;C:\Program Files\libexec\lib\node_modules\npm\bin\node-gyp-bin;C:\Program Files\lib\node_modules\npm\bin\node-gyp-bin;C:\Program Files\nodejs\node_modules\npm\bin\node-gyp-bin;C:\Program Files\Common Files\Oracle\Java\javapath;C:\Program Files (x86)\Common Files\Oracle\Java\javapath;C:\Python27\;C:\Python27\Scripts;C:\WINDOWS\system32;C:\WINDOWS;C:\WINDOWS\System32\Wbem;C:\WINDOWS\System32\WindowsPowerShell\v1.0\;C:\WINDOWS\System32\OpenSSH\;C:\ProgramData\chocolatey\bin;C:\Program Files\Java\jdk1.8.0_211\bin;C:\Android\tools\bin\platform-tools;C:\Program Files\Git\cmd;C:\Program Files (x86)\Bitvise SSH Client;C:\Users\Hasib\AppData\Local\Android\Sdk\platform-tools;C:\xampp\php;C:\composer;C:\Program Files\OpenSSL-Win64\bin;C:\xampp8\php;c:\Program Files (x86)\Microsoft SQL Server\90\Tools\binn\;C:\Users\Hasib\Documents\New folder (2)\GetGnuWin32\bin;C:\Program Files (x86)\Yarn\bin\;C:\Program Files\PuTTY\;C:\Program Files\PostgreSQL\16\bin;C:\Program Files\Cloudflare\Cloudflare WARP\;C:\Program Files\nodejs\;;C:\Program Files\Docker\Docker\resources\bin;C:\Users\Hasib\AppData\Local\Microsoft\WindowsApps;C:\Users\Hasib\AppData\Local\Programs\Microsoft VS Code\bin;C:\Users\Hasib\Documents\Flutter\flutter\bin;C:\Users\Hasib\AppData\Roaming\Composer\vendor\bin;C:\xampp\php;C:\xampp8\php;C:\Users\Hasib\AppData\Local\Yarn\bin;C:\Program Files (x86)\GnuWin32\bin;C:\Users\Hasib\AppData\Roaming\npm;C:\Users\Hasib\AppData\Local\Android\Sdk\emulator\emulator.exe -list-avds;;%USERPROFILE%\AppData\Local\Microsoft\WindowsApps
USERNAME=Hasib
LANG=en_US.UTF-8
OS=Windows_NT
PROCESSOR_IDENTIFIER=AMD64 Family 23 Model 8 Stepping 2, AuthenticAMD



---------------  S Y S T E M  ---------------

OS:
 Windows 11 , 64 bit Build 26100 (10.0.26100.4202)
OS uptime: 0 days 0:12 hours
Hyper-V role detected

CPU: total 12 (initial active 12) (12 cores per cpu, 2 threads per core) family 23 model 8 stepping 2 microcode 0x800820d, cx8, cmov, fxsr, ht, mmx, 3dnowpref, sse, sse2, sse3, ssse3, sse4a, sse4.1, sse4.2, popcnt, lzcnt, tsc, tscinvbit, avx, avx2, aes, clmul, bmi1, bmi2, adx, sha, fma, vzeroupper, clflush, clflushopt, hv

Memory: 4k page, system-wide physical 8117M (1064M free)
TotalPageFile size 19863M (AvailPageFile size 89M)
current process WorkingSet (physical memory assigned to process): 12M, peak: 12M
current process commit charge ("private bytes"): 64M, peak: 192M

vm_info: Java HotSpot(TM) 64-Bit Server VM (18.0.1.1+2-6) for windows-amd64 JRE (18.0.1.1+2-6), built on Apr 25 2022 21:53:15 by "mach5one" with MS VC++ 16.8 / 16.9 (VS2019)

END.
